2022-11-12 19:55:08.158 - INFO - 8954 - azureml.automl.core.dataset_utilities._save_datasets_to_json:255 - JSON serialization of input of type <class 'NoneType'> is un-supported.
2022-11-12 19:55:08.165 - INFO - 8954 - azureml.automl.core.dataset_utilities._save_datasets_to_json:255 - JSON serialization of input of type <class 'NoneType'> is un-supported.
2022-11-12 19:55:08.174 - INFO - 8954 - azureml.train.automl._experiment_drivers.driver_utilities.validate_input:124 - Start data validation.
2022-11-12 19:55:08.259 - INFO - 8954 - azureml.train.automl._experiment_drivers.driver_utilities.validate_input:137 - Validation service found the data has no errors.
2022-11-12 20:14:10.255 - INFO - 8954 - azureml.training.tabular.featurization.text.pretrained_text_dnn_transformer.horovod_initialized:65 - Horovod not found in current environment. Distribution via Horovod will be disabled.
2022-11-12 20:14:14.758 - INFO - 8954 - azureml.automl.runtime.featurization.data_transformer.__init__:190 - Feature sweeping enabled: False
2022-11-12 20:14:14.759 - INFO - 8954 - azureml.automl.runtime.featurization.data_transformer.__init__:191 - Feature sweeping timeout: 86400
2022-11-12 20:15:05.197 - INFO - 8954 - azureml.automl.runtime.featurization.data_transformer._apply_transforms:550 - Starting to apply transforms. Total ram: 14666989568 bytes
2022-11-12 20:15:05.250 - INFO - 8954 - azureml.automl.runtime.featurization.data_transformer._apply_transforms:560 - Transform memory estimate: 0 bytes, Current available memory: 4502536192 bytes
2022-11-12 20:15:05.255 - INFO - 8954 - azureml.automl.runtime.featurization.data_transformer._apply_transforms:572 - SimpleImputer: Applying transform.
2022-11-12 20:15:05.263 - INFO - 8954 - azureml.automl.runtime.featurization.data_transformer._apply_transforms:584 - SimpleImputer: Finished applying transform. Shape (32950, 1)
2022-11-12 20:15:05.269 - INFO - 8954 - azureml.automl.runtime.featurization.data_transformer._apply_transforms:560 - Transform memory estimate: 0 bytes, Current available memory: 4502536192 bytes
2022-11-12 20:15:05.273 - INFO - 8954 - azureml.automl.runtime.featurization.data_transformer._apply_transforms:572 - SimpleImputer: Applying transform.
2022-11-12 20:15:05.279 - INFO - 8954 - azureml.automl.runtime.featurization.data_transformer._apply_transforms:584 - SimpleImputer: Finished applying transform. Shape (32950, 1)
2022-11-12 20:15:05.284 - INFO - 8954 - azureml.automl.runtime.featurization.data_transformer._apply_transforms:560 - Transform memory estimate: 0 bytes, Current available memory: 4502536192 bytes
2022-11-12 20:15:05.288 - INFO - 8954 - azureml.automl.runtime.featurization.data_transformer._apply_transforms:572 - SimpleImputer: Applying transform.
2022-11-12 20:15:05.294 - INFO - 8954 - azureml.automl.runtime.featurization.data_transformer._apply_transforms:584 - SimpleImputer: Finished applying transform. Shape (32950, 1)
2022-11-12 20:15:05.299 - INFO - 8954 - azureml.automl.runtime.featurization.data_transformer._apply_transforms:560 - Transform memory estimate: 0 bytes, Current available memory: 4502536192 bytes
2022-11-12 20:15:05.304 - INFO - 8954 - azureml.automl.runtime.featurization.data_transformer._apply_transforms:572 - SimpleImputer: Applying transform.
2022-11-12 20:15:05.310 - INFO - 8954 - azureml.automl.runtime.featurization.data_transformer._apply_transforms:584 - SimpleImputer: Finished applying transform. Shape (32950, 1)
2022-11-12 20:15:05.315 - INFO - 8954 - azureml.automl.runtime.featurization.data_transformer._apply_transforms:560 - Transform memory estimate: 0 bytes, Current available memory: 4502536192 bytes
2022-11-12 20:15:05.320 - INFO - 8954 - azureml.automl.runtime.featurization.data_transformer._apply_transforms:572 - SimpleImputer: Applying transform.
2022-11-12 20:15:05.326 - INFO - 8954 - azureml.automl.runtime.featurization.data_transformer._apply_transforms:584 - SimpleImputer: Finished applying transform. Shape (32950, 1)
2022-11-12 20:15:05.331 - INFO - 8954 - azureml.automl.runtime.featurization.data_transformer._apply_transforms:560 - Transform memory estimate: 0 bytes, Current available memory: 4502536192 bytes
2022-11-12 20:15:05.336 - INFO - 8954 - azureml.automl.runtime.featurization.data_transformer._apply_transforms:572 - SimpleImputer: Applying transform.
2022-11-12 20:15:05.338 - INFO - 8954 - azureml.automl.runtime.featurization.data_transformer._apply_transforms:584 - SimpleImputer: Finished applying transform. Shape (32950, 1)
2022-11-12 20:15:05.338 - INFO - 8954 - azureml.automl.runtime.featurization.data_transformer._apply_transforms:560 - Transform memory estimate: 0 bytes, Current available memory: 4502536192 bytes
2022-11-12 20:15:05.338 - INFO - 8954 - azureml.automl.runtime.featurization.data_transformer._apply_transforms:572 - SimpleImputer: Applying transform.
2022-11-12 20:15:05.341 - INFO - 8954 - azureml.automl.runtime.featurization.data_transformer._apply_transforms:584 - SimpleImputer: Finished applying transform. Shape (32950, 1)
2022-11-12 20:15:05.341 - INFO - 8954 - azureml.automl.runtime.featurization.data_transformer._apply_transforms:560 - Transform memory estimate: 0 bytes, Current available memory: 4502536192 bytes
2022-11-12 20:15:05.341 - INFO - 8954 - azureml.automl.runtime.featurization.data_transformer._apply_transforms:572 - StringCastTransformer,CountVectorizer: Applying transform.
2022-11-12 20:15:05.457 - INFO - 8954 - azureml.automl.runtime.featurization.data_transformer._apply_transforms:584 - StringCastTransformer,CountVectorizer: Finished applying transform. Shape (32950, 12)
2022-11-12 20:15:05.464 - INFO - 8954 - azureml.automl.runtime.featurization.data_transformer._apply_transforms:560 - Transform memory estimate: 0 bytes, Current available memory: 4502536192 bytes
2022-11-12 20:15:05.465 - INFO - 8954 - azureml.automl.runtime.featurization.data_transformer._apply_transforms:572 - StringCastTransformer,CountVectorizer: Applying transform.
2022-11-12 20:15:05.566 - INFO - 8954 - azureml.automl.runtime.featurization.data_transformer._apply_transforms:584 - StringCastTransformer,CountVectorizer: Finished applying transform. Shape (32950, 4)
2022-11-12 20:15:05.567 - INFO - 8954 - azureml.automl.runtime.featurization.data_transformer._apply_transforms:560 - Transform memory estimate: 0 bytes, Current available memory: 4502536192 bytes
2022-11-12 20:15:05.567 - INFO - 8954 - azureml.automl.runtime.featurization.data_transformer._apply_transforms:572 - StringCastTransformer,CountVectorizer: Applying transform.
2022-11-12 20:15:05.659 - INFO - 8954 - azureml.automl.runtime.featurization.data_transformer._apply_transforms:584 - StringCastTransformer,CountVectorizer: Finished applying transform. Shape (32950, 8)
2022-11-12 20:15:05.660 - INFO - 8954 - azureml.automl.runtime.featurization.data_transformer._apply_transforms:560 - Transform memory estimate: 0 bytes, Current available memory: 4502536192 bytes
2022-11-12 20:15:05.660 - INFO - 8954 - azureml.automl.runtime.featurization.data_transformer._apply_transforms:572 - StringCastTransformer,CountVectorizer: Applying transform.
2022-11-12 20:15:05.763 - INFO - 8954 - azureml.automl.runtime.featurization.data_transformer._apply_transforms:584 - StringCastTransformer,CountVectorizer: Finished applying transform. Shape (32950, 3)
2022-11-12 20:15:05.763 - INFO - 8954 - azureml.automl.runtime.featurization.data_transformer._apply_transforms:560 - Transform memory estimate: 0 bytes, Current available memory: 4502536192 bytes
2022-11-12 20:15:05.763 - INFO - 8954 - azureml.automl.runtime.featurization.data_transformer._apply_transforms:572 - StringCastTransformer,CountVectorizer: Applying transform.
2022-11-12 20:15:05.861 - INFO - 8954 - azureml.automl.runtime.featurization.data_transformer._apply_transforms:584 - StringCastTransformer,CountVectorizer: Finished applying transform. Shape (32950, 3)
2022-11-12 20:15:05.861 - INFO - 8954 - azureml.automl.runtime.featurization.data_transformer._apply_transforms:560 - Transform memory estimate: 0 bytes, Current available memory: 4502536192 bytes
2022-11-12 20:15:05.862 - INFO - 8954 - azureml.automl.runtime.featurization.data_transformer._apply_transforms:572 - StringCastTransformer,CountVectorizer: Applying transform.
2022-11-12 20:15:05.965 - INFO - 8954 - azureml.automl.runtime.featurization.data_transformer._apply_transforms:584 - StringCastTransformer,CountVectorizer: Finished applying transform. Shape (32950, 3)
2022-11-12 20:15:05.967 - INFO - 8954 - azureml.automl.runtime.featurization.data_transformer._apply_transforms:560 - Transform memory estimate: 0 bytes, Current available memory: 4502536192 bytes
2022-11-12 20:15:05.968 - INFO - 8954 - azureml.automl.runtime.featurization.data_transformer._apply_transforms:572 - CatImputer,StringCastTransformer,LabelEncoderTransformer: Applying transform.
2022-11-12 20:15:05.993 - INFO - 8954 - azureml.automl.runtime.featurization.data_transformer._apply_transforms:584 - CatImputer,StringCastTransformer,LabelEncoderTransformer: Finished applying transform. Shape (32950, 1)
2022-11-12 20:15:05.994 - INFO - 8954 - azureml.automl.runtime.featurization.data_transformer._apply_transforms:560 - Transform memory estimate: 0 bytes, Current available memory: 4502536192 bytes
2022-11-12 20:15:05.994 - INFO - 8954 - azureml.automl.runtime.featurization.data_transformer._apply_transforms:572 - StringCastTransformer,CountVectorizer: Applying transform.
2022-11-12 20:15:06.107 - INFO - 8954 - azureml.automl.runtime.featurization.data_transformer._apply_transforms:584 - StringCastTransformer,CountVectorizer: Finished applying transform. Shape (32950, 10)
2022-11-12 20:15:06.109 - INFO - 8954 - azureml.automl.runtime.featurization.data_transformer._apply_transforms:560 - Transform memory estimate: 0 bytes, Current available memory: 4502536192 bytes
2022-11-12 20:15:06.109 - INFO - 8954 - azureml.automl.runtime.featurization.data_transformer._apply_transforms:572 - StringCastTransformer,CountVectorizer: Applying transform.
2022-11-12 20:15:06.218 - INFO - 8954 - azureml.automl.runtime.featurization.data_transformer._apply_transforms:584 - StringCastTransformer,CountVectorizer: Finished applying transform. Shape (32950, 5)
2022-11-12 20:15:06.219 - INFO - 8954 - azureml.automl.runtime.featurization.data_transformer._apply_transforms:560 - Transform memory estimate: 0 bytes, Current available memory: 4502536192 bytes
2022-11-12 20:15:06.219 - INFO - 8954 - azureml.automl.runtime.featurization.data_transformer._apply_transforms:572 - StringCastTransformer,CountVectorizer: Applying transform.
2022-11-12 20:15:06.330 - INFO - 8954 - azureml.automl.runtime.featurization.data_transformer._apply_transforms:584 - StringCastTransformer,CountVectorizer: Finished applying transform. Shape (32950, 39)
2022-11-12 20:15:06.330 - INFO - 8954 - azureml.automl.runtime.featurization.data_transformer._apply_transforms:560 - Transform memory estimate: 0 bytes, Current available memory: 4502536192 bytes
2022-11-12 20:15:06.331 - INFO - 8954 - azureml.automl.runtime.featurization.data_transformer._apply_transforms:572 - StringCastTransformer,CountVectorizer: Applying transform.
2022-11-12 20:15:06.464 - INFO - 8954 - azureml.automl.runtime.featurization.data_transformer._apply_transforms:584 - StringCastTransformer,CountVectorizer: Finished applying transform. Shape (32950, 26)
2022-11-12 20:15:06.465 - INFO - 8954 - azureml.automl.runtime.featurization.data_transformer._apply_transforms:560 - Transform memory estimate: 0 bytes, Current available memory: 4502536192 bytes
2022-11-12 20:15:06.465 - INFO - 8954 - azureml.automl.runtime.featurization.data_transformer._apply_transforms:572 - StringCastTransformer,CountVectorizer: Applying transform.
2022-11-12 20:15:06.578 - INFO - 8954 - azureml.automl.runtime.featurization.data_transformer._apply_transforms:584 - StringCastTransformer,CountVectorizer: Finished applying transform. Shape (32950, 8)
2022-11-12 20:15:06.579 - INFO - 8954 - azureml.automl.runtime.featurization.data_transformer._apply_transforms:560 - Transform memory estimate: 0 bytes, Current available memory: 4502536192 bytes
2022-11-12 20:15:06.580 - INFO - 8954 - azureml.automl.runtime.featurization.data_transformer._apply_transforms:572 - StringCastTransformer,CountVectorizer: Applying transform.
2022-11-12 20:15:06.689 - INFO - 8954 - azureml.automl.runtime.featurization.data_transformer._apply_transforms:584 - StringCastTransformer,CountVectorizer: Finished applying transform. Shape (32950, 3)
2022-11-12 20:15:06.689 - INFO - 8954 - azureml.automl.runtime.featurization.data_transformer._apply_transforms:595 - Finished applying transforms
2022-11-12 20:15:06.690 - INFO - 8954 - azureml.automl.runtime.shared.memory_utilities._is_low_memory:205 - Total ram: 14666989568 bytes, Current Available memory: 4502536192 bytes. Low memory threshold: 0.5
